aware-core/build/outputs/apk/manifest-merger-phone-debug-report.txt
-- Merging decision tree log ---
manifest
ADDED from AndroidManifest.xml:2:1
	xmlns:android
		ADDED from AndroidManifest.xml:2:11
	package
		ADDED from AndroidManifest.xml:2:70
		INJECTED from AndroidManifest.xml:0:0
		INJECTED from AndroidManifest.xml:0:0
	android:versionName
		INJECTED from AndroidManifest.xml:0:0
		ADDED from AndroidManifest.xml:2:1
		INJECTED from AndroidManifest.xml:0:0
	android:versionCode
		INJECTED from AndroidManifest.xml:0:0
		ADDED from AndroidManifest.xml:2:1
		INJECTED from AndroidManifest.xml:0:0
uses-permission#android.permission.ACCESS_COARSE_LOCATION
ADDED from AndroidManifest.xml:6:5
MERGED from com.google.android.gms:play-services-maps:7.5.0:23:5
MERGED from com.google.android.gms:play-services-maps:7.5.0:23:5
MERGED from com.google.android.gms:play-services-maps:7.5.0:23:5
MERGED from com.google.android.gms:play-services-maps:7.5.0:23:5
	android:name
		ADDED from AndroidManifest.xml:6:22
uses-permission#android.permission.ACCESS_FINE_LOCATION
ADDED from AndroidManifest.xml:7:5
	android:name
		ADDED from AndroidManifest.xml:7:22
uses-permission#android.permission.ACCESS_WIFI_STATE
ADDED from AndroidManifest.xml:8:5
	android:name
		ADDED from AndroidManifest.xml:8:22
uses-permission#android.permission.BLUETOOTH
ADDED from AndroidManifest.xml:9:5
	android:name
		ADDED from AndroidManifest.xml:9:22
uses-permission#android.permission.BLUETOOTH_ADMIN
ADDED from AndroidManifest.xml:10:5
	android:name
		ADDED from AndroidManifest.xml:10:22
uses-permission#android.permission.CHANGE_WIFI_STATE
ADDED from AndroidManifest.xml:11:5
	android:name
		ADDED from AndroidManifest.xml:11:22
uses-permission#android.permission.GET_TASKS
ADDED from AndroidManifest.xml:12:5
	android:name
		ADDED from AndroidManifest.xml:12:22
uses-permission#android.permission.READ_SMS
ADDED from AndroidManifest.xml:13:5
	android:name
		ADDED from AndroidManifest.xml:13:22
uses-permission#android.permission.READ_CONTACTS
ADDED from AndroidManifest.xml:14:5
	android:name
		ADDED from AndroidManifest.xml:14:22
uses-permission#android.permission.READ_PHONE_STATE
ADDED from AndroidManifest.xml:15:5
	android:name
		ADDED from AndroidManifest.xml:15:22
uses-permission#android.permission.RESTART_PACKAGES
ADDED from AndroidManifest.xml:16:5
	android:name
		ADDED from AndroidManifest.xml:16:22
uses-permission#android.permission.KILL_BACKGROUND_PROCESSES
ADDED from AndroidManifest.xml:17:5
	android:name
		ADDED from AndroidManifest.xml:17:22
uses-permission#android.permission.VIBRATE
ADDED from AndroidManifest.xml:18:5
	android:name
		ADDED from AndroidManifest.xml:18:22
uses-permission#android.permission.SYSTEM_ALERT_WINDOW
ADDED from AndroidManifest.xml:19:5
	android:name
		ADDED from AndroidManifest.xml:19:22
uses-permission#android.permission.READ_CALL_LOG
ADDED from AndroidManifest.xml:20:5
	android:name
		ADDED from AndroidManifest.xml:20:22
uses-permission#android.permission.CAMERA
ADDED from AndroidManifest.xml:21:5
	android:name
		ADDED from AndroidManifest.xml:21:22
uses-permission#android.permission.DISABLE_KEYGUARD
ADDED from AndroidManifest.xml:22:5
	android:name
		ADDED from AndroidManifest.xml:22:22
permission#com.aware.READ_CONTEXT_DATA
ADDED from AndroidManifest.xml:24:5
	android:label
		ADDED from AndroidManifest.xml:28:9
	android:icon
		ADDED from AndroidManifest.xml:27:9
	android:protectionLevel
		ADDED from AndroidManifest.xml:29:9
	android:description
		ADDED from AndroidManifest.xml:26:9
	android:name
		ADDED from AndroidManifest.xml:25:9
permission#com.aware.WRITE_CONTEXT_DATA
ADDED from AndroidManifest.xml:31:5
	android:label
		ADDED from AndroidManifest.xml:35:9
	android:icon
		ADDED from AndroidManifest.xml:34:9
	android:protectionLevel
		ADDED from AndroidManifest.xml:36:9
	android:description
		ADDED from AndroidManifest.xml:33:9
	android:name
		ADDED from AndroidManifest.xml:32:9
uses-permission#com.aware.READ_CONTEXT_DATA
ADDED from AndroidManifest.xml:41:5
	android:name
		ADDED from AndroidManifest.xml:41:22
uses-permission#com.aware.WRITE_CONTEXT_DATA
ADDED from AndroidManifest.xml:42:5
	android:name
		ADDED from AndroidManifest.xml:42:22
uses-permission#android.permission.WRITE_EXTERNAL_STORAGE
ADDED from AndroidManifest.xml:43:5
MERGED from com.google.android.gms:play-services-maps:7.5.0:22:5
MERGED from com.google.android.gms:play-services-maps:7.5.0:22:5
MERGED from com.google.android.gms:play-services-maps:7.5.0:22:5
MERGED from com.google.android.gms:play-services-maps:7.5.0:22:5
	android:name
		ADDED from AndroidManifest.xml:43:22
uses-permission#android.permission.INTERNET
ADDED from AndroidManifest.xml:44:5
MERGED from com.google.android.gms:play-services-ads:7.5.0:20:5
MERGED from com.google.android.gms:play-services-analytics:7.5.0:21:5
MERGED from com.google.android.gms:play-services-analytics:7.5.0:21:5
MERGED from com.google.android.gms:play-services-appinvite:7.5.0:19:5
MERGED from com.google.android.gms:play-services-maps:7.5.0:21:5
MERGED from com.google.android.gms:play-services-maps:7.5.0:21:5
MERGED from com.google.android.gms:play-services-maps:7.5.0:21:5
MERGED from com.google.android.gms:play-services-wallet:7.5.0:20:5
MERGED from com.google.android.gms:play-services-maps:7.5.0:21:5
	android:name
		ADDED from AndroidManifest.xml:44:22
uses-permission#android.permission.ACCESS_NETWORK_STATE
ADDED from AndroidManifest.xml:45:5
MERGED from com.google.android.gms:play-services-ads:7.5.0:21:5
MERGED from com.google.android.gms:play-services-analytics:7.5.0:22:5
MERGED from com.google.android.gms:play-services-analytics:7.5.0:22:5
MERGED from com.google.android.gms:play-services-maps:7.5.0:20:5
MERGED from com.google.android.gms:play-services-maps:7.5.0:20:5
MERGED from com.google.android.gms:play-services-maps:7.5.0:20:5
MERGED from com.google.android.gms:play-services-nearby:7.5.0:19:5
MERGED from com.google.android.gms:play-services-maps:7.5.0:20:5
	android:name
		ADDED from AndroidManifest.xml:45:22
uses-permission#android.permission.WAKE_LOCK
ADDED from AndroidManifest.xml:46:5
	android:name
		ADDED from AndroidManifest.xml:46:22
application
ADDED from AndroidManifest.xml:48:5
MERGED from AndroidManifest.xml:48:5
MERGED from com.android.support:appcompat-v7:22.2.0:22:5
MERGED from com.android.support:support-v4:22.2.0:22:5
MERGED from com.android.support:cardview-v7:22.0.0:22:5
MERGED from com.android.support:support-v4:22.2.0:22:5
MERGED from com.google.android.gms:play-services:7.5.0:19:5
MERGED from com.google.android.gms:play-services-ads:7.5.0:24:5
MERGED from com.google.android.gms:play-services-base:7.5.0:20:5
MERGED from com.android.support:support-v4:22.2.0:22:5
MERGED from com.google.android.gms:play-services-analytics:7.5.0:24:5
MERGED from com.google.android.gms:play-services-base:7.5.0:20:5
MERGED from com.android.support:support-v4:22.2.0:22:5
MERGED from com.google.android.gms:play-services-analytics:7.5.0:24:5
MERGED from com.google.android.gms:play-services-base:7.5.0:20:5
MERGED from com.android.support:support-v4:22.2.0:22:5
MERGED from com.google.android.gms:play-services-appindexing:7.5.0:19:5
MERGED from com.google.android.gms:play-services-base:7.5.0:20:5
MERGED from com.android.support:support-v4:22.2.0:22:5
MERGED from com.google.android.gms:play-services-appinvite:7.5.0:20:5
MERGED from com.google.android.gms:play-services-base:7.5.0:20:5
MERGED from com.android.support:support-v4:22.2.0:22:5
MERGED from com.google.android.gms:play-services-appstate:7.5.0:19:5
MERGED from com.google.android.gms:play-services-base:7.5.0:20:5
MERGED from com.android.support:support-v4:22.2.0:22:5
MERGED from com.google.android.gms:play-services-base:7.5.0:20:5
MERGED from com.android.support:support-v4:22.2.0:22:5
MERGED from com.google.android.gms:play-services-cast:7.5.0:19:5
MERGED from com.google.android.gms:play-services-base:7.5.0:20:5
MERGED from com.android.support:support-v4:22.2.0:22:5
MERGED from com.android.support:mediarouter-v7:22.0.0:22:5
MERGED from com.android.support:appcompat-v7:22.2.0:22:5
MERGED from com.android.support:support-v4:22.2.0:22:5
MERGED from com.google.android.gms:play-services-drive:7.5.0:19:5
MERGED from com.google.android.gms:play-services-base:7.5.0:20:5
MERGED from com.android.support:support-v4:22.2.0:22:5
MERGED from com.google.android.gms:play-services-fitness:7.5.0:19:5
MERGED from com.google.android.gms:play-services-base:7.5.0:20:5
MERGED from com.android.support:support-v4:22.2.0:22:5
MERGED from com.google.android.gms:play-services-location:7.5.0:19:5
MERGED from com.google.android.gms:play-services-base:7.5.0:20:5
MERGED from com.android.support:support-v4:22.2.0:22:5
MERGED from com.google.android.gms:play-services-maps:7.5.0:29:5
MERGED from com.google.android.gms:play-services-base:7.5.0:20:5
MERGED from com.android.support:support-v4:22.2.0:22:5
MERGED from com.google.android.gms:play-services-games:7.5.0:19:5
MERGED from com.google.android.gms:play-services-base:7.5.0:20:5
MERGED from com.android.support:support-v4:22.2.0:22:5
MERGED from com.google.android.gms:play-services-drive:7.5.0:19:5
MERGED from com.google.android.gms:play-services-base:7.5.0:20:5
MERGED from com.android.support:support-v4:22.2.0:22:5
MERGED from com.google.android.gms:play-services-gcm:7.5.0:19:5
MERGED from com.google.android.gms:play-services-base:7.5.0:20:5
MERGED from com.android.support:support-v4:22.2.0:22:5
MERGED from com.google.android.gms:play-services-identity:7.5.0:19:5
MERGED from com.google.android.gms:play-services-base:7.5.0:20:5
MERGED from com.android.support:support-v4:22.2.0:22:5
MERGED from com.google.android.gms:play-services-location:7.5.0:19:5
MERGED from com.google.android.gms:play-services-base:7.5.0:20:5
MERGED from com.android.support:support-v4:22.2.0:22:5
MERGED from com.google.android.gms:play-services-maps:7.5.0:29:5
MERGED from com.google.android.gms:play-services-base:7.5.0:20:5
MERGED from com.android.support:support-v4:22.2.0:22:5
MERGED from com.google.android.gms:play-services-maps:7.5.0:29:5
MERGED from com.google.android.gms:play-services-base:7.5.0:20:5
MERGED from com.android.support:support-v4:22.2.0:22:5
MERGED from com.google.android.gms:play-services-nearby:7.5.0:20:5
MERGED from com.google.android.gms:play-services-base:7.5.0:20:5
MERGED from com.android.support:support-v4:22.2.0:22:5
MERGED from com.google.android.gms:play-services-panorama:7.5.0:19:5
MERGED from com.google.android.gms:play-services-base:7.5.0:20:5
MERGED from com.android.support:support-v4:22.2.0:22:5
MERGED from com.google.android.gms:play-services-plus:7.5.0:19:5
MERGED from com.google.android.gms:play-services-base:7.5.0:20:5
MERGED from com.android.support:support-v4:22.2.0:22:5
MERGED from com.google.android.gms:play-services-safetynet:7.5.0:19:5
MERGED from com.google.android.gms:play-services-base:7.5.0:20:5
MERGED from com.android.support:support-v4:22.2.0:22:5
MERGED from com.google.android.gms:play-services-wallet:7.5.0:24:5
MERGED from com.google.android.gms:play-services-base:7.5.0:20:5
MERGED from com.android.support:support-v4:22.2.0:22:5
MERGED from com.google.android.gms:play-services-identity:7.5.0:19:5
MERGED from com.google.android.gms:play-services-base:7.5.0:20:5
MERGED from com.android.support:support-v4:22.2.0:22:5
MERGED from com.google.android.gms:play-services-maps:7.5.0:29:5
MERGED from com.google.android.gms:play-services-base:7.5.0:20:5
MERGED from com.android.support:support-v4:22.2.0:22:5
MERGED from com.google.android.gms:play-services-wearable:7.5.0:19:5
MERGED from com.google.android.gms:play-services-base:7.5.0:20:5
MERGED from com.android.support:support-v4:22.2.0:22:5
	android:label
		ADDED from AndroidManifest.xml:50:9
		ADDED from AndroidManifest.xml:50:9
	android:icon
		ADDED from AndroidManifest.xml:49:9
		ADDED from AndroidManifest.xml:49:9
	android:theme
		ADDED from AndroidManifest.xml:51:9
		ADDED from AndroidManifest.xml:51:9
meta-data#com.google.android.gms.version
ADDED from AndroidManifest.xml:53:9
MERGED from com.google.android.gms:play-services-base:7.5.0:21:9
MERGED from com.google.android.gms:play-services-base:7.5.0:21:9
MERGED from com.google.android.gms:play-services-base:7.5.0:21:9
MERGED from com.google.android.gms:play-services-base:7.5.0:21:9
MERGED from com.google.android.gms:play-services-base:7.5.0:21:9
MERGED from com.google.android.gms:play-services-base:7.5.0:21:9
MERGED from com.google.android.gms:play-services-base:7.5.0:21:9
MERGED from com.google.android.gms:play-services-base:7.5.0:21:9
MERGED from com.google.android.gms:play-services-base:7.5.0:21:9
MERGED from com.google.android.gms:play-services-base:7.5.0:21:9
MERGED from com.google.android.gms:play-services-base:7.5.0:21:9
MERGED from com.google.android.gms:play-services-base:7.5.0:21:9
MERGED from com.google.android.gms:play-services-base:7.5.0:21:9
MERGED from com.google.android.gms:play-services-base:7.5.0:21:9
MERGED from com.google.android.gms:play-services-base:7.5.0:21:9
MERGED from com.google.android.gms:play-services-base:7.5.0:21:9
MERGED from com.google.android.gms:play-services-base:7.5.0:21:9
MERGED from com.google.android.gms:play-services-base:7.5.0:21:9
MERGED from com.google.android.gms:play-services-base:7.5.0:21:9
MERGED from com.google.android.gms:play-services-base:7.5.0:21:9
MERGED from com.google.android.gms:play-services-base:7.5.0:21:9
MERGED from com.google.android.gms:play-services-base:7.5.0:21:9
MERGED from com.google.android.gms:play-services-base:7.5.0:21:9
MERGED from com.google.android.gms:play-services-base:7.5.0:21:9
MERGED from com.google.android.gms:play-services-base:7.5.0:21:9
MERGED from com.google.android.gms:play-services-base:7.5.0:21:9
MERGED from com.google.android.gms:play-services-base:7.5.0:21:9
	android:name
		ADDED from AndroidManifest.xml:53:20
	android:value
		ADDED from AndroidManifest.xml:53:66
activity#com.aware.Aware_Preferences
ADDED from AndroidManifest.xml:57:9
	android:label
		ADDED from AndroidManifest.xml:63:13
	android:icon
		ADDED from AndroidManifest.xml:62:13
	android:configChanges
		ADDED from AndroidManifest.xml:59:13
	android:theme
		ADDED from AndroidManifest.xml:64:13
	android:exported
		ADDED from AndroidManifest.xml:61:13
	android:enabled
		ADDED from AndroidManifest.xml:60:13
	android:name
		ADDED from AndroidManifest.xml:58:13
	android:launchMode
		ADDED from AndroidManifest.xml:65:13
intent-filter#android.intent.action.MAIN+android.intent.category.LAUNCHER
ADDED from AndroidManifest.xml:66:13
action#android.intent.action.MAIN
ADDED from AndroidManifest.xml:67:17
	android:name
		ADDED from AndroidManifest.xml:67:25
category#android.intent.category.LAUNCHER
ADDED from AndroidManifest.xml:68:17
	android:name
		ADDED from AndroidManifest.xml:68:27
activity#com.aware.ui.Stream_UI
ADDED from AndroidManifest.xml:71:9
	android:noHistory
		ADDED from AndroidManifest.xml:77:13
	android:label
		ADDED from AndroidManifest.xml:76:13
	android:icon
		ADDED from AndroidManifest.xml:75:13
	android:configChanges
		ADDED from AndroidManifest.xml:79:13
	android:theme
		ADDED from AndroidManifest.xml:80:13
	android:exported
		ADDED from AndroidManifest.xml:73:13
	android:enabled
		ADDED from AndroidManifest.xml:74:13
	android:parentActivityName
		ADDED from AndroidManifest.xml:81:13
	android:name
		ADDED from AndroidManifest.xml:72:13
	android:launchMode
		ADDED from AndroidManifest.xml:78:13
intent-filter#android.intent.action.ASSIST+android.intent.category.DEFAULT+android.intent.category.LAUNCHER
ADDED from AndroidManifest.xml:83:13
action#android.intent.action.ASSIST
ADDED from AndroidManifest.xml:84:17
	android:name
		ADDED from AndroidManifest.xml:84:25
category#android.intent.category.DEFAULT
ADDED from AndroidManifest.xml:85:17
	android:name
		ADDED from AndroidManifest.xml:85:27
meta-data#com.android.systemui.action_assist_icon
ADDED from AndroidManifest.xml:88:13
	android:resource
		ADDED from AndroidManifest.xml:90:17
	android:name
		ADDED from AndroidManifest.xml:89:17
meta-data#android.support.PARENT_ACTIVITY
ADDED from AndroidManifest.xml:91:13
	android:name
		ADDED from AndroidManifest.xml:91:24
	android:value
		ADDED from AndroidManifest.xml:91:71
activity#com.aware.ui.CameraStudy
ADDED from AndroidManifest.xml:93:9
	android:label
		ADDED from AndroidManifest.xml:99:13
	android:configChanges
		ADDED from AndroidManifest.xml:96:13
	android:theme
		ADDED from AndroidManifest.xml:98:13
	android:enabled
		ADDED from AndroidManifest.xml:95:13
	android:parentActivityName
		ADDED from AndroidManifest.xml:100:13
	android:name
		ADDED from AndroidManifest.xml:94:13
	android:launchMode
		ADDED from AndroidManifest.xml:97:13
activity#com.aware.ui.Plugins_Manager
ADDED from AndroidManifest.xml:104:9
	android:label
		ADDED from AndroidManifest.xml:110:13
	android:icon
		ADDED from AndroidManifest.xml:109:13
	android:configChanges
		ADDED from AndroidManifest.xml:106:13
	android:theme
		ADDED from AndroidManifest.xml:111:13
	android:exported
		ADDED from AndroidManifest.xml:108:13
	android:parentActivityName
		ADDED from AndroidManifest.xml:112:13
	android:name
		ADDED from AndroidManifest.xml:105:13
	android:launchMode
		ADDED from AndroidManifest.xml:107:13
activity#com.aware.ui.About
ADDED from AndroidManifest.xml:116:9
	android:label
		ADDED from AndroidManifest.xml:121:13
	android:configChanges
		ADDED from AndroidManifest.xml:118:13
	android:theme
		ADDED from AndroidManifest.xml:122:13
	android:exported
		ADDED from AndroidManifest.xml:120:13
	android:enabled
		ADDED from AndroidManifest.xml:117:13
	android:parentActivityName
		ADDED from AndroidManifest.xml:123:13
	android:name
		ADDED from AndroidManifest.xml:116:19
	android:launchMode
		ADDED from AndroidManifest.xml:119:13
activity#com.aware.ui.ESM_Queue
ADDED from AndroidManifest.xml:127:9
	android:noHistory
		ADDED from AndroidManifest.xml:133:13
	android:configChanges
		ADDED from AndroidManifest.xml:129:13
	android:theme
		ADDED from AndroidManifest.xml:136:13
	android:exported
		ADDED from AndroidManifest.xml:131:13
	android:showOnLockScreen
		ADDED from AndroidManifest.xml:132:13
	android:clearTaskOnLaunch
		ADDED from AndroidManifest.xml:134:13
	android:excludeFromRecents
		ADDED from AndroidManifest.xml:130:13
	android:name
		ADDED from AndroidManifest.xml:128:13
	android:launchMode
		ADDED from AndroidManifest.xml:135:13
service#com.aware.utils.WearClient
ADDED from AndroidManifest.xml:141:9
	android:exported
		ADDED from AndroidManifest.xml:141:60
	android:enabled
		ADDED from AndroidManifest.xml:141:84
	android:name
		ADDED from AndroidManifest.xml:141:18
service#com.aware.utils.WearProxy
ADDED from AndroidManifest.xml:142:9
	android:exported
		ADDED from AndroidManifest.xml:142:59
	android:enabled
		ADDED from AndroidManifest.xml:142:83
	android:name
		ADDED from AndroidManifest.xml:142:18
intent-filter#com.google.android.gms.wearable.BIND_LISTENER
ADDED from AndroidManifest.xml:143:13
action#com.google.android.gms.wearable.BIND_LISTENER
ADDED from AndroidManifest.xml:144:17
	android:name
		ADDED from AndroidManifest.xml:144:25
service#com.aware.Keyboard
ADDED from AndroidManifest.xml:148:9
	android:exported
		ADDED from AndroidManifest.xml:148:52
	android:name
		ADDED from AndroidManifest.xml:148:18
service#com.aware.Aware
ADDED from AndroidManifest.xml:149:9
	android:exported
		ADDED from AndroidManifest.xml:151:13
	android:name
		ADDED from AndroidManifest.xml:150:13
service#com.aware.Applications
ADDED from AndroidManifest.xml:153:9
	android:exported
		ADDED from AndroidManifest.xml:155:13
	android:enabled
		ADDED from AndroidManifest.xml:156:13
	android:permission
		ADDED from AndroidManifest.xml:157:13
	android:name
		ADDED from AndroidManifest.xml:154:13
intent-filter#android.accessibilityservice.AccessibilityService
ADDED from AndroidManifest.xml:158:13
action#android.accessibilityservice.AccessibilityService
ADDED from AndroidManifest.xml:159:17
	android:name
		ADDED from AndroidManifest.xml:159:25
meta-data#android.accessibilityservice
ADDED from AndroidManifest.xml:161:13
	android:resource
		ADDED from AndroidManifest.xml:161:68
	android:name
		ADDED from AndroidManifest.xml:161:24
service#com.aware.Applications$BackgroundService
ADDED from AndroidManifest.xml:163:9
	android:exported
		ADDED from AndroidManifest.xml:165:13
	android:name
		ADDED from AndroidManifest.xml:164:13
service#com.aware.Locations
ADDED from AndroidManifest.xml:167:9
	android:exported
		ADDED from AndroidManifest.xml:169:13
	android:name
		ADDED from AndroidManifest.xml:168:13
service#com.aware.Bluetooth
ADDED from AndroidManifest.xml:171:9
	android:exported
		ADDED from AndroidManifest.xml:173:13
	android:name
		ADDED from AndroidManifest.xml:172:13
service#com.aware.Screen
ADDED from AndroidManifest.xml:175:9
	android:exported
		ADDED from AndroidManifest.xml:177:13
	android:name
		ADDED from AndroidManifest.xml:176:13
service#com.aware.Battery
ADDED from AndroidManifest.xml:179:9
	android:exported
		ADDED from AndroidManifest.xml:181:13
	android:name
		ADDED from AndroidManifest.xml:180:13
service#com.aware.Network
ADDED from AndroidManifest.xml:183:9
	android:exported
		ADDED from AndroidManifest.xml:185:13
	android:name
		ADDED from AndroidManifest.xml:184:13
service#com.aware.Communication
ADDED from AndroidManifest.xml:187:9
	android:exported
		ADDED from AndroidManifest.xml:189:13
	android:name
		ADDED from AndroidManifest.xml:188:13
service#com.aware.Processor
ADDED from AndroidManifest.xml:191:9
	android:exported
		ADDED from AndroidManifest.xml:193:13
	android:name
		ADDED from AndroidManifest.xml:192:13
service#com.aware.TimeZone
ADDED from AndroidManifest.xml:195:9
	android:exported
		ADDED from AndroidManifest.xml:197:13
	android:name
		ADDED from AndroidManifest.xml:196:13
service#com.aware.Mqtt
ADDED from AndroidManifest.xml:199:9
	android:exported
		ADDED from AndroidManifest.xml:201:13
	android:name
		ADDED from AndroidManifest.xml:200:13
service#com.aware.Traffic
ADDED from AndroidManifest.xml:203:9
	android:exported
		ADDED from AndroidManifest.xml:205:13
	android:name
		ADDED from AndroidManifest.xml:204:13
service#com.aware.Accelerometer
ADDED from AndroidManifest.xml:208:9
	android:exported
		ADDED from AndroidManifest.xml:210:13
	android:name
		ADDED from AndroidManifest.xml:209:13
service#com.aware.Gyroscope
ADDED from AndroidManifest.xml:212:9
	android:exported
		ADDED from AndroidManifest.xml:214:13
	android:name
		ADDED from AndroidManifest.xml:213:13
service#com.aware.Bluetooth$BackgroundService
ADDED from AndroidManifest.xml:216:9
	android:exported
		ADDED from AndroidManifest.xml:218:13
	android:name
		ADDED from AndroidManifest.xml:217:13
service#com.aware.WiFi
ADDED from AndroidManifest.xml:220:9
	android:exported
		ADDED from AndroidManifest.xml:222:13
	android:name
		ADDED from AndroidManifest.xml:221:13
service#com.aware.WiFi$BackgroundService
ADDED from AndroidManifest.xml:224:9
	android:exported
		ADDED from AndroidManifest.xml:226:13
	android:name
		ADDED from AndroidManifest.xml:225:13
service#com.aware.Telephony
ADDED from AndroidManifest.xml:228:9
	android:exported
		ADDED from AndroidManifest.xml:230:13
	android:name
		ADDED from AndroidManifest.xml:229:13
service#com.aware.Rotation
ADDED from AndroidManifest.xml:232:9
	android:exported
		ADDED from AndroidManifest.xml:234:13
	android:name
		ADDED from AndroidManifest.xml:233:13
service#com.aware.Light
ADDED from AndroidManifest.xml:236:9
	android:exported
		ADDED from AndroidManifest.xml:238:13
	android:name
		ADDED from AndroidManifest.xml:237:13
service#com.aware.Proximity
ADDED from AndroidManifest.xml:240:9
	android:exported
		ADDED from AndroidManifest.xml:242:13
	android:name
		ADDED from AndroidManifest.xml:241:13
service#com.aware.Magnetometer
ADDED from AndroidManifest.xml:244:9
	android:exported
		ADDED from AndroidManifest.xml:246:13
	android:name
		ADDED from AndroidManifest.xml:245:13
service#com.aware.Barometer
ADDED from AndroidManifest.xml:248:9
	android:exported
		ADDED from AndroidManifest.xml:250:13
	android:name
		ADDED from AndroidManifest.xml:249:13
service#com.aware.Gravity
ADDED from AndroidManifest.xml:252:9
	android:exported
		ADDED from AndroidManifest.xml:254:13
	android:name
		ADDED from AndroidManifest.xml:253:13
service#com.aware.LinearAccelerometer
ADDED from AndroidManifest.xml:256:9
	android:exported
		ADDED from AndroidManifest.xml:258:13
	android:name
		ADDED from AndroidManifest.xml:257:13
service#com.aware.Temperature
ADDED from AndroidManifest.xml:260:9
	android:exported
		ADDED from AndroidManifest.xml:262:13
	android:name
		ADDED from AndroidManifest.xml:261:13
service#com.aware.ESM
ADDED from AndroidManifest.xml:264:9
	android:exported
		ADDED from AndroidManifest.xml:266:13
	android:name
		ADDED from AndroidManifest.xml:265:13
service#com.aware.ESM$BackgroundService
ADDED from AndroidManifest.xml:268:9
	android:exported
		ADDED from AndroidManifest.xml:270:13
	android:name
		ADDED from AndroidManifest.xml:269:13
service#com.aware.Installations
ADDED from AndroidManifest.xml:272:9
	android:exported
		ADDED from AndroidManifest.xml:274:13
	android:name
		ADDED from AndroidManifest.xml:273:13
service#com.aware.utils.WebserviceHelper
ADDED from AndroidManifest.xml:276:9
	android:exported
		ADDED from AndroidManifest.xml:278:13
	android:name
		ADDED from AndroidManifest.xml:277:13
intent-filter#ACTION_AWARE_WEBSERVICE_CLEAR_TABLE+ACTION_AWARE_WEBSERVICE_SYNC_TABLE
ADDED from AndroidManifest.xml:279:13
action#ACTION_AWARE_WEBSERVICE_SYNC_TABLE
ADDED from AndroidManifest.xml:280:17
	android:name
		ADDED from AndroidManifest.xml:280:25
action#ACTION_AWARE_WEBSERVICE_CLEAR_TABLE
ADDED from AndroidManifest.xml:281:17
	android:name
		ADDED from AndroidManifest.xml:281:25
service#com.aware.Aware_Preferences$StudyConfig
ADDED from AndroidManifest.xml:284:9
	android:exported
		ADDED from AndroidManifest.xml:284:73
	android:name
		ADDED from AndroidManifest.xml:284:18
service#com.aware.Aware$UpdateFrameworkService
ADDED from AndroidManifest.xml:285:9
	android:exported
		ADDED from AndroidManifest.xml:285:72
	android:enabled
		ADDED from AndroidManifest.xml:285:96
	android:name
		ADDED from AndroidManifest.xml:285:18
service#com.aware.utils.DownloadPluginService
ADDED from AndroidManifest.xml:286:9
	android:exported
		ADDED from AndroidManifest.xml:286:71
	android:name
		ADDED from AndroidManifest.xml:286:18
service#com.aware.Aware$UpdatePlugins
ADDED from AndroidManifest.xml:287:9
	android:exported
		ADDED from AndroidManifest.xml:287:63
	android:enabled
		ADDED from AndroidManifest.xml:287:87
	android:name
		ADDED from AndroidManifest.xml:287:18
receiver#com.aware.utils.WearClient$AndroidWearHTTPClient
ADDED from AndroidManifest.xml:291:9
	android:exported
		ADDED from AndroidManifest.xml:291:83
	android:enabled
		ADDED from AndroidManifest.xml:291:107
	android:name
		ADDED from AndroidManifest.xml:291:19
intent-filter#ACTION_AWARE_ANDROID_WEAR_HTTP_GET+ACTION_AWARE_ANDROID_WEAR_HTTP_POST+ACTION_AWARE_ANDROID_WEAR_INSTALL_PLUGIN+ACTION_AWARE_ANDROID_WEAR_JOIN_STUDY+ACTION_AWARE_ANDROID_WEAR_QUIT_STUDY
ADDED from AndroidManifest.xml:292:13
action#ACTION_AWARE_ANDROID_WEAR_HTTP_GET
ADDED from AndroidManifest.xml:293:17
	android:name
		ADDED from AndroidManifest.xml:293:25
action#ACTION_AWARE_ANDROID_WEAR_HTTP_POST
ADDED from AndroidManifest.xml:294:17
	android:name
		ADDED from AndroidManifest.xml:294:25
action#ACTION_AWARE_ANDROID_WEAR_INSTALL_PLUGIN
ADDED from AndroidManifest.xml:295:17
	android:name
		ADDED from AndroidManifest.xml:295:25
action#ACTION_AWARE_ANDROID_WEAR_JOIN_STUDY
ADDED from AndroidManifest.xml:296:17
	android:name
		ADDED from AndroidManifest.xml:296:25
action#ACTION_AWARE_ANDROID_WEAR_QUIT_STUDY
ADDED from AndroidManifest.xml:297:17
	android:name
		ADDED from AndroidManifest.xml:297:25
receiver#com.aware.Aware$Aware_Broadcaster
ADDED from AndroidManifest.xml:301:9
	android:exported
		ADDED from AndroidManifest.xml:303:13
	android:name
		ADDED from AndroidManifest.xml:302:13
intent-filter#ACTION_AWARE_CLEAR_DATA+ACTION_AWARE_CONFIGURATION+ACTION_AWARE_REFRESH+ACTION_AWARE_SYNC_DATA
ADDED from AndroidManifest.xml:304:13
action#ACTION_AWARE_SYNC_DATA
ADDED from AndroidManifest.xml:305:17
	android:name
		ADDED from AndroidManifest.xml:305:25
action#ACTION_AWARE_CLEAR_DATA
ADDED from AndroidManifest.xml:306:17
	android:name
		ADDED from AndroidManifest.xml:306:25
action#ACTION_AWARE_CONFIGURATION
ADDED from AndroidManifest.xml:307:17
	android:name
		ADDED from AndroidManifest.xml:307:25
action#ACTION_AWARE_REFRESH
ADDED from AndroidManifest.xml:308:17
	android:name
		ADDED from AndroidManifest.xml:308:25
receiver#com.aware.Aware$PluginMonitor
ADDED from AndroidManifest.xml:311:9
	android:exported
		ADDED from AndroidManifest.xml:311:64
	android:enabled
		ADDED from AndroidManifest.xml:311:88
	android:name
		ADDED from AndroidManifest.xml:311:19
intent-filter#android.intent.action.PACKAGE_ADDED+android.intent.action.PACKAGE_REMOVED
ADDED from AndroidManifest.xml:312:13
action#android.intent.action.PACKAGE_ADDED
ADDED from AndroidManifest.xml:313:17
	android:name
		ADDED from AndroidManifest.xml:313:25
action#android.intent.action.PACKAGE_REMOVED
ADDED from AndroidManifest.xml:314:17
	android:name
		ADDED from AndroidManifest.xml:314:25
data
ADDED from AndroidManifest.xml:315:17
	android:scheme
		ADDED from AndroidManifest.xml:315:23
receiver#com.aware.Aware$Storage_Broadcaster
ADDED from AndroidManifest.xml:318:9
	android:exported
		ADDED from AndroidManifest.xml:320:13
	android:enabled
		ADDED from AndroidManifest.xml:320:37
	android:name
		ADDED from AndroidManifest.xml:319:13
intent-filter#android.intent.action.MEDIA_MOUNTED+android.intent.action.MEDIA_UNMOUNTED
ADDED from AndroidManifest.xml:321:13
action#android.intent.action.MEDIA_MOUNTED
ADDED from AndroidManifest.xml:322:17
	android:name
		ADDED from AndroidManifest.xml:322:25
action#android.intent.action.MEDIA_UNMOUNTED
ADDED from AndroidManifest.xml:323:17
	android:name